

Started GET "/" for 127.0.0.1 at 2014-05-15 11:12:02 -0400
  [1m[36mActiveRecord::SchemaMigration Load (0.1ms)[0m  [1mSELECT "schema_migrations".* FROM "schema_migrations"[0m
Processing by Rails::WelcomeController#index as HTML
  Rendered /Users/amandahimmelstoss/.rvm/gems/ruby-2.0.0-p451/gems/railties-4.1.0.rc2/lib/rails/templates/rails/welcome/index.html.erb (1.9ms)
Completed 200 OK in 11ms (Views: 11.0ms | ActiveRecord: 0.0ms)


Started GET "/posts/1" for 127.0.0.1 at 2014-05-15 11:12:09 -0400
Processing by PostsController#show as HTML
  Parameters: {"id"=>"1"}
  [1m[35mPost Load (0.2ms)[0m  SELECT  "posts".* FROM "posts"  WHERE "posts"."id" = ? LIMIT 1  [["id", 1]]
  [1m[36mTag Load (0.2ms)[0m  [1mSELECT "tags".* FROM "tags" INNER JOIN "post_tags" ON "tags"."id" = "post_tags"."tag_id" WHERE "post_tags"."post_id" = ?[0m  [["post_id", 1]]
  [1m[35mTag Load (0.6ms)[0m  SELECT "tags".* FROM "tags"
  Rendered posts/show.html.erb within layouts/application (144.8ms)
Completed 500 Internal Server Error in 217ms

Sprockets::FileNotFound - couldn't find file 'turbolinks'
  (in /Users/amandahimmelstoss/Development/flatiron-ta/ruby-labs/rails-blog-nested/app/assets/javascripts/application.js:15):
  sprockets (2.11.0) lib/sprockets/context.rb:106:in `resolve'
  sprockets (2.11.0) lib/sprockets/context.rb:146:in `require_asset'
  sprockets (2.11.0) lib/sprockets/directive_processor.rb:217:in `process_require_directive'
  sprockets (2.11.0) lib/sprockets/directive_processor.rb:167:in `block in process_directives'
  sprockets (2.11.0) lib/sprockets/directive_processor.rb:165:in `process_directives'
  sprockets (2.11.0) lib/sprockets/directive_processor.rb:99:in `evaluate'
  tilt (1.4.1) lib/tilt/template.rb:103:in `render'
  sprockets (2.11.0) lib/sprockets/context.rb:197:in `block in evaluate'
  sprockets (2.11.0) lib/sprockets/context.rb:194:in `evaluate'
  sprockets (2.11.0) lib/sprockets/processed_asset.rb:12:in `initialize'
  sprockets (2.11.0) lib/sprockets/base.rb:374:in `block in build_asset'
  sprockets (2.11.0) lib/sprockets/base.rb:395:in `circular_call_protection'
  sprockets (2.11.0) lib/sprockets/base.rb:373:in `build_asset'
  sprockets (2.11.0) lib/sprockets/index.rb:94:in `block in build_asset'
  sprockets (2.11.0) lib/sprockets/caching.rb:58:in `cache_asset'
  sprockets (2.11.0) lib/sprockets/index.rb:93:in `build_asset'
  sprockets (2.11.0) lib/sprockets/base.rb:287:in `find_asset'
  sprockets (2.11.0) lib/sprockets/index.rb:61:in `find_asset'
  sprockets (2.11.0) lib/sprockets/bundled_asset.rb:37:in `init_with'
  sprockets (2.11.0) lib/sprockets/asset.rb:24:in `from_hash'
  sprockets (2.11.0) lib/sprockets/caching.rb:54:in `cache_asset'
  sprockets (2.11.0) lib/sprockets/index.rb:93:in `build_asset'
  sprockets (2.11.0) lib/sprockets/base.rb:287:in `find_asset'
  sprockets (2.11.0) lib/sprockets/index.rb:61:in `find_asset'
  sprockets (2.11.0) lib/sprockets/environment.rb:75:in `find_asset'
  sprockets (2.11.0) lib/sprockets/base.rb:295:in `[]'
  sprockets-rails (2.0.1) lib/sprockets/rails/helper.rb:144:in `lookup_asset_for_path'
  sprockets-rails (2.0.1) lib/sprockets/rails/helper.rb:91:in `block in javascript_include_tag'
  sprockets-rails (2.0.1) lib/sprockets/rails/helper.rb:90:in `javascript_include_tag'
  sprockets_better_errors (0.0.5) lib/sprockets_better_errors/sprockets_rails_helper.rb:56:in `javascript_include_tag'
  app/views/layouts/application.html.erb:6:in `_app_views_layouts_application_html_erb__4394790644839081782_2183564060'
  actionview (4.1.0.rc2) lib/action_view/template.rb:145:in `block in render'
  activesupport (4.1.0.rc2) lib/active_support/notifications.rb:161:in `instrument'
  actionview (4.1.0.rc2) lib/action_view/template.rb:339:in `instrument'
  actionview (4.1.0.rc2) lib/action_view/template.rb:143:in `render'
  actionview (4.1.0.rc2) lib/action_view/renderer/template_renderer.rb:67:in `render_with_layout'
  actionview (4.1.0.rc2) lib/action_view/renderer/template_renderer.rb:53:in `render_template'
  actionview (4.1.0.rc2) lib/action_view/renderer/template_renderer.rb:17:in `render'
  actionview (4.1.0.rc2) lib/action_view/renderer/renderer.rb:42:in `render_template'
  actionview (4.1.0.rc2) lib/action_view/renderer/renderer.rb:23:in `render'
  actionview (4.1.0.rc2) lib/action_view/rendering.rb:99:in `_render_template'
  actionpack (4.1.0.rc2) lib/action_controller/metal/streaming.rb:217:in `_render_template'
  actionview (4.1.0.rc2) lib/action_view/rendering.rb:82:in `render_to_body'
  actionpack (4.1.0.rc2) lib/action_controller/metal/rendering.rb:32:in `render_to_body'
  actionpack (4.1.0.rc2) lib/action_controller/metal/renderers.rb:32:in `render_to_body'
  actionpack (4.1.0.rc2) lib/abstract_controller/rendering.rb:25:in `render'
  actionpack (4.1.0.rc2) lib/action_controller/metal/rendering.rb:16:in `render'
  actionpack (4.1.0.rc2) lib/action_controller/metal/instrumentation.rb:41:in `block (2 levels) in render'
  activesupport (4.1.0.rc2) lib/active_support/core_ext/benchmark.rb:12:in `block in ms'
  /Users/amandahimmelstoss/.rvm/rubies/ruby-2.0.0-p451/lib/ruby/2.0.0/benchmark.rb:296:in `realtime'
  activesupport (4.1.0.rc2) lib/active_support/core_ext/benchmark.rb:12:in `ms'
  actionpack (4.1.0.rc2) lib/action_controller/metal/instrumentation.rb:41:in `block in render'
  actionpack (4.1.0.rc2) lib/action_controller/metal/instrumentation.rb:84:in `cleanup_view_runtime'
  activerecord (4.1.0.rc2) lib/active_record/railties/controller_runtime.rb:25:in `cleanup_view_runtime'
  actionpack (4.1.0.rc2) lib/action_controller/metal/instrumentation.rb:40:in `render'
  actionpack (4.1.0.rc2) lib/action_controller/metal/implicit_render.rb:10:in `default_render'
  actionpack (4.1.0.rc2) lib/action_controller/metal/implicit_render.rb:5:in `send_action'
  actionpack (4.1.0.rc2) lib/abstract_controller/base.rb:189:in `process_action'
  actionpack (4.1.0.rc2) lib/action_controller/metal/rendering.rb:10:in `process_action'
  actionpack (4.1.0.rc2) lib/abstract_controller/callbacks.rb:20:in `block in process_action'
  activesupport (4.1.0.rc2) lib/active_support/callbacks.rb:113:in `call'
  activesupport (4.1.0.rc2) lib/active_support/callbacks.rb:149:in `block in halting_and_conditional'
  activesupport (4.1.0.rc2) lib/active_support/callbacks.rb:229:in `block in halting'
  activesupport (4.1.0.rc2) lib/active_support/callbacks.rb:166:in `block in halting'
  activesupport (4.1.0.rc2) lib/active_support/callbacks.rb:86:in `run_callbacks'
  actionpack (4.1.0.rc2) lib/abstract_controller/callbacks.rb:19:in `process_action'
  actionpack (4.1.0.rc2) lib/action_controller/metal/rescue.rb:29:in `process_action'
  actionpack (4.1.0.rc2) lib/action_controller/metal/instrumentation.rb:31:in `block in process_action'
  activesupport (4.1.0.rc2) lib/active_support/notifications.rb:159:in `block in instrument'
  activesupport (4.1.0.rc2) lib/active_support/notifications/instrumenter.rb:20:in `instrument'
  activesupport (4.1.0.rc2) lib/active_support/notifications.rb:159:in `instrument'
  actionpack (4.1.0.rc2) lib/action_controller/metal/instrumentation.rb:30:in `process_action'
  actionpack (4.1.0.rc2) lib/action_controller/metal/params_wrapper.rb:250:in `process_action'
  activerecord (4.1.0.rc2) lib/active_record/railties/controller_runtime.rb:18:in `process_action'
  actionpack (4.1.0.rc2) lib/abstract_controller/base.rb:136:in `process'
  actionview (4.1.0.rc2) lib/action_view/rendering.rb:30:in `process'
  actionpack (4.1.0.rc2) lib/action_controller/metal.rb:195:in `dispatch'
  actionpack (4.1.0.rc2) lib/action_controller/metal/rack_delegation.rb:13:in `dispatch'
  actionpack (4.1.0.rc2) lib/action_controller/metal.rb:231:in `block in action'
  actionpack (4.1.0.rc2) lib/action_dispatch/routing/route_set.rb:80:in `dispatch'
  actionpack (4.1.0.rc2) lib/action_dispatch/routing/route_set.rb:48:in `call'
  actionpack (4.1.0.rc2) lib/action_dispatch/journey/router.rb:71:in `block in call'
  actionpack (4.1.0.rc2) lib/action_dispatch/journey/router.rb:59:in `call'
  actionpack (4.1.0.rc2) lib/action_dispatch/routing/route_set.rb:676:in `call'
  rack (1.5.2) lib/rack/etag.rb:23:in `call'
  rack (1.5.2) lib/rack/conditionalget.rb:25:in `call'
  rack (1.5.2) lib/rack/head.rb:11:in `call'
  actionpack (4.1.0.rc2) lib/action_dispatch/middleware/params_parser.rb:27:in `call'
  actionpack (4.1.0.rc2) lib/action_dispatch/middleware/flash.rb:254:in `call'
  rack (1.5.2) lib/rack/session/abstract/id.rb:225:in `context'
  rack (1.5.2) lib/rack/session/abstract/id.rb:220:in `call'
  actionpack (4.1.0.rc2) lib/action_dispatch/middleware/cookies.rb:560:in `call'
  activerecord (4.1.0.rc2) lib/active_record/query_cache.rb:36:in `call'
  activerecord (4.1.0.rc2) lib/active_record/connection_adapters/abstract/connection_pool.rb:621:in `call'
  activerecord (4.1.0.rc2) lib/active_record/migration.rb:380:in `call'
  actionpack (4.1.0.rc2) lib/action_dispatch/middleware/callbacks.rb:29:in `block in call'
  activesupport (4.1.0.rc2) lib/active_support/callbacks.rb:82:in `run_callbacks'
  actionpack (4.1.0.rc2) lib/action_dispatch/middleware/callbacks.rb:27:in `call'
  actionpack (4.1.0.rc2) lib/action_dispatch/middleware/reloader.rb:73:in `call'
  actionpack (4.1.0.rc2) lib/action_dispatch/middleware/remote_ip.rb:76:in `call'
  better_errors (1.1.0) lib/better_errors/middleware.rb:84:in `protected_app_call'
  better_errors (1.1.0) lib/better_errors/middleware.rb:79:in `better_errors_call'
  better_errors (1.1.0) lib/better_errors/middleware.rb:56:in `call'
  actionpack (4.1.0.rc2) lib/action_dispatch/middleware/debug_exceptions.rb:17:in `call'
  actionpack (4.1.0.rc2) lib/action_dispatch/middleware/show_exceptions.rb:30:in `call'
  railties (4.1.0.rc2) lib/rails/rack/logger.rb:38:in `call_app'
  railties (4.1.0.rc2) lib/rails/rack/logger.rb:20:in `block in call'
  activesupport (4.1.0.rc2) lib/active_support/tagged_logging.rb:68:in `block in tagged'
  activesupport (4.1.0.rc2) lib/active_support/tagged_logging.rb:26:in `tagged'
  activesupport (4.1.0.rc2) lib/active_support/tagged_logging.rb:68:in `tagged'
  railties (4.1.0.rc2) lib/rails/rack/logger.rb:20:in `call'
  actionpack (4.1.0.rc2) lib/action_dispatch/middleware/request_id.rb:21:in `call'
  rack (1.5.2) lib/rack/methodoverride.rb:21:in `call'
  rack (1.5.2) lib/rack/runtime.rb:17:in `call'
  activesupport (4.1.0.rc2) lib/active_support/cache/strategy/local_cache_middleware.rb:26:in `call'
  rack (1.5.2) lib/rack/lock.rb:17:in `call'
  actionpack (4.1.0.rc2) lib/action_dispatch/middleware/static.rb:64:in `call'
  rack (1.5.2) lib/rack/sendfile.rb:112:in `call'
  railties (4.1.0.rc2) lib/rails/engine.rb:515:in `call'
  railties (4.1.0.rc2) lib/rails/application.rb:142:in `call'
  rack (1.5.2) lib/rack/lock.rb:17:in `call'
  rack (1.5.2) lib/rack/content_length.rb:14:in `call'
  rack (1.5.2) lib/rack/handler/webrick.rb:60:in `service'
  /Users/amandahimmelstoss/.rvm/rubies/ruby-2.0.0-p451/lib/ruby/2.0.0/webrick/httpserver.rb:138:in `service'
  /Users/amandahimmelstoss/.rvm/rubies/ruby-2.0.0-p451/lib/ruby/2.0.0/webrick/httpserver.rb:94:in `run'
  /Users/amandahimmelstoss/.rvm/rubies/ruby-2.0.0-p451/lib/ruby/2.0.0/webrick/server.rb:295:in `block in start_thread'



Started POST "/__better_errors/2183283220/variables" for 127.0.0.1 at 2014-05-15 11:12:10 -0400


Started GET "/posts" for 127.0.0.1 at 2014-05-15 11:12:17 -0400
Processing by PostsController#index as HTML
  [1m[36mPost Load (0.3ms)[0m  [1mSELECT "posts".* FROM "posts"[0m
  Rendered posts/index.html.erb within layouts/application (5.2ms)
Completed 500 Internal Server Error in 68ms

Sprockets::FileNotFound - couldn't find file 'turbolinks'
  (in /Users/amandahimmelstoss/Development/flatiron-ta/ruby-labs/rails-blog-nested/app/assets/javascripts/application.js:15):
  sprockets (2.11.0) lib/sprockets/context.rb:106:in `resolve'
  sprockets (2.11.0) lib/sprockets/context.rb:146:in `require_asset'
  sprockets (2.11.0) lib/sprockets/directive_processor.rb:217:in `process_require_directive'
  sprockets (2.11.0) lib/sprockets/directive_processor.rb:167:in `block in process_directives'
  sprockets (2.11.0) lib/sprockets/directive_processor.rb:165:in `process_directives'
  sprockets (2.11.0) lib/sprockets/directive_processor.rb:99:in `evaluate'
  tilt (1.4.1) lib/tilt/template.rb:103:in `render'
  sprockets (2.11.0) lib/sprockets/context.rb:197:in `block in evaluate'
  sprockets (2.11.0) lib/sprockets/context.rb:194:in `evaluate'
  sprockets (2.11.0) lib/sprockets/processed_asset.rb:12:in `initialize'
  sprockets (2.11.0) lib/sprockets/base.rb:374:in `block in build_asset'
  sprockets (2.11.0) lib/sprockets/base.rb:395:in `circular_call_protection'
  sprockets (2.11.0) lib/sprockets/base.rb:373:in `build_asset'
  sprockets (2.11.0) lib/sprockets/index.rb:94:in `block in build_asset'
  sprockets (2.11.0) lib/sprockets/caching.rb:58:in `cache_asset'
  sprockets (2.11.0) lib/sprockets/index.rb:93:in `build_asset'
  sprockets (2.11.0) lib/sprockets/base.rb:287:in `find_asset'
  sprockets (2.11.0) lib/sprockets/index.rb:61:in `find_asset'
  sprockets (2.11.0) lib/sprockets/bundled_asset.rb:37:in `init_with'
  sprockets (2.11.0) lib/sprockets/asset.rb:24:in `from_hash'
  sprockets (2.11.0) lib/sprockets/caching.rb:54:in `cache_asset'
  sprockets (2.11.0) lib/sprockets/index.rb:93:in `build_asset'
  sprockets (2.11.0) lib/sprockets/base.rb:287:in `find_asset'
  sprockets (2.11.0) lib/sprockets/index.rb:61:in `find_asset'
  sprockets (2.11.0) lib/sprockets/environment.rb:75:in `find_asset'
  sprockets (2.11.0) lib/sprockets/base.rb:295:in `[]'
  sprockets-rails (2.0.1) lib/sprockets/rails/helper.rb:144:in `lookup_asset_for_path'
  sprockets-rails (2.0.1) lib/sprockets/rails/helper.rb:91:in `block in javascript_include_tag'
  sprockets-rails (2.0.1) lib/sprockets/rails/helper.rb:90:in `javascript_include_tag'
  sprockets_better_errors (0.0.5) lib/sprockets_better_errors/sprockets_rails_helper.rb:56:in `javascript_include_tag'
  app/views/layouts/application.html.erb:6:in `_app_views_layouts_application_html_erb__4394790644839081782_2183564060'
  actionview (4.1.0.rc2) lib/action_view/template.rb:145:in `block in render'
  activesupport (4.1.0.rc2) lib/active_support/notifications.rb:161:in `instrument'
  actionview (4.1.0.rc2) lib/action_view/template.rb:339:in `instrument'
  actionview (4.1.0.rc2) lib/action_view/template.rb:143:in `render'
  actionview (4.1.0.rc2) lib/action_view/renderer/template_renderer.rb:67:in `render_with_layout'
  actionview (4.1.0.rc2) lib/action_view/renderer/template_renderer.rb:53:in `render_template'
  actionview (4.1.0.rc2) lib/action_view/renderer/template_renderer.rb:17:in `render'
  actionview (4.1.0.rc2) lib/action_view/renderer/renderer.rb:42:in `render_template'
  actionview (4.1.0.rc2) lib/action_view/renderer/renderer.rb:23:in `render'
  actionview (4.1.0.rc2) lib/action_view/rendering.rb:99:in `_render_template'
  actionpack (4.1.0.rc2) lib/action_controller/metal/streaming.rb:217:in `_render_template'
  actionview (4.1.0.rc2) lib/action_view/rendering.rb:82:in `render_to_body'
  actionpack (4.1.0.rc2) lib/action_controller/metal/rendering.rb:32:in `render_to_body'
  actionpack (4.1.0.rc2) lib/action_controller/metal/renderers.rb:32:in `render_to_body'
  actionpack (4.1.0.rc2) lib/abstract_controller/rendering.rb:25:in `render'
  actionpack (4.1.0.rc2) lib/action_controller/metal/rendering.rb:16:in `render'
  actionpack (4.1.0.rc2) lib/action_controller/metal/instrumentation.rb:41:in `block (2 levels) in render'
  activesupport (4.1.0.rc2) lib/active_support/core_ext/benchmark.rb:12:in `block in ms'
  /Users/amandahimmelstoss/.rvm/rubies/ruby-2.0.0-p451/lib/ruby/2.0.0/benchmark.rb:296:in `realtime'
  activesupport (4.1.0.rc2) lib/active_support/core_ext/benchmark.rb:12:in `ms'
  actionpack (4.1.0.rc2) lib/action_controller/metal/instrumentation.rb:41:in `block in render'
  actionpack (4.1.0.rc2) lib/action_controller/metal/instrumentation.rb:84:in `cleanup_view_runtime'
  activerecord (4.1.0.rc2) lib/active_record/railties/controller_runtime.rb:25:in `cleanup_view_runtime'
  actionpack (4.1.0.rc2) lib/action_controller/metal/instrumentation.rb:40:in `render'
  actionpack (4.1.0.rc2) lib/action_controller/metal/implicit_render.rb:10:in `default_render'
  actionpack (4.1.0.rc2) lib/action_controller/metal/implicit_render.rb:5:in `send_action'
  actionpack (4.1.0.rc2) lib/abstract_controller/base.rb:189:in `process_action'
  actionpack (4.1.0.rc2) lib/action_controller/metal/rendering.rb:10:in `process_action'
  actionpack (4.1.0.rc2) lib/abstract_controller/callbacks.rb:20:in `block in process_action'
  activesupport (4.1.0.rc2) lib/active_support/callbacks.rb:113:in `call'
  activesupport (4.1.0.rc2) lib/active_support/callbacks.rb:149:in `block in halting_and_conditional'
  activesupport (4.1.0.rc2) lib/active_support/callbacks.rb:229:in `block in halting'
  activesupport (4.1.0.rc2) lib/active_support/callbacks.rb:166:in `block in halting'
  activesupport (4.1.0.rc2) lib/active_support/callbacks.rb:86:in `run_callbacks'
  actionpack (4.1.0.rc2) lib/abstract_controller/callbacks.rb:19:in `process_action'
  actionpack (4.1.0.rc2) lib/action_controller/metal/rescue.rb:29:in `process_action'
  actionpack (4.1.0.rc2) lib/action_controller/metal/instrumentation.rb:31:in `block in process_action'
  activesupport (4.1.0.rc2) lib/active_support/notifications.rb:159:in `block in instrument'
  activesupport (4.1.0.rc2) lib/active_support/notifications/instrumenter.rb:20:in `instrument'
  activesupport (4.1.0.rc2) lib/active_support/notifications.rb:159:in `instrument'
  actionpack (4.1.0.rc2) lib/action_controller/metal/instrumentation.rb:30:in `process_action'
  actionpack (4.1.0.rc2) lib/action_controller/metal/params_wrapper.rb:250:in `process_action'
  activerecord (4.1.0.rc2) lib/active_record/railties/controller_runtime.rb:18:in `process_action'
  actionpack (4.1.0.rc2) lib/abstract_controller/base.rb:136:in `process'
  actionview (4.1.0.rc2) lib/action_view/rendering.rb:30:in `process'
  actionpack (4.1.0.rc2) lib/action_controller/metal.rb:195:in `dispatch'
  actionpack (4.1.0.rc2) lib/action_controller/metal/rack_delegation.rb:13:in `dispatch'
  actionpack (4.1.0.rc2) lib/action_controller/metal.rb:231:in `block in action'
  actionpack (4.1.0.rc2) lib/action_dispatch/routing/route_set.rb:80:in `dispatch'
  actionpack (4.1.0.rc2) lib/action_dispatch/routing/route_set.rb:48:in `call'
  actionpack (4.1.0.rc2) lib/action_dispatch/journey/router.rb:71:in `block in call'
  actionpack (4.1.0.rc2) lib/action_dispatch/journey/router.rb:59:in `call'
  actionpack (4.1.0.rc2) lib/action_dispatch/routing/route_set.rb:676:in `call'
  rack (1.5.2) lib/rack/etag.rb:23:in `call'
  rack (1.5.2) lib/rack/conditionalget.rb:25:in `call'
  rack (1.5.2) lib/rack/head.rb:11:in `call'
  actionpack (4.1.0.rc2) lib/action_dispatch/middleware/params_parser.rb:27:in `call'
  actionpack (4.1.0.rc2) lib/action_dispatch/middleware/flash.rb:254:in `call'
  rack (1.5.2) lib/rack/session/abstract/id.rb:225:in `context'
  rack (1.5.2) lib/rack/session/abstract/id.rb:220:in `call'
  actionpack (4.1.0.rc2) lib/action_dispatch/middleware/cookies.rb:560:in `call'
  activerecord (4.1.0.rc2) lib/active_record/query_cache.rb:36:in `call'
  activerecord (4.1.0.rc2) lib/active_record/connection_adapters/abstract/connection_pool.rb:621:in `call'
  activerecord (4.1.0.rc2) lib/active_record/migration.rb:380:in `call'
  actionpack (4.1.0.rc2) lib/action_dispatch/middleware/callbacks.rb:29:in `block in call'
  activesupport (4.1.0.rc2) lib/active_support/callbacks.rb:82:in `run_callbacks'
  actionpack (4.1.0.rc2) lib/action_dispatch/middleware/callbacks.rb:27:in `call'
  actionpack (4.1.0.rc2) lib/action_dispatch/middleware/reloader.rb:73:in `call'
  actionpack (4.1.0.rc2) lib/action_dispatch/middleware/remote_ip.rb:76:in `call'
  better_errors (1.1.0) lib/better_errors/middleware.rb:84:in `protected_app_call'
  better_errors (1.1.0) lib/better_errors/middleware.rb:79:in `better_errors_call'
  better_errors (1.1.0) lib/better_errors/middleware.rb:56:in `call'
  actionpack (4.1.0.rc2) lib/action_dispatch/middleware/debug_exceptions.rb:17:in `call'
  actionpack (4.1.0.rc2) lib/action_dispatch/middleware/show_exceptions.rb:30:in `call'
  railties (4.1.0.rc2) lib/rails/rack/logger.rb:38:in `call_app'
  railties (4.1.0.rc2) lib/rails/rack/logger.rb:20:in `block in call'
  activesupport (4.1.0.rc2) lib/active_support/tagged_logging.rb:68:in `block in tagged'
  activesupport (4.1.0.rc2) lib/active_support/tagged_logging.rb:26:in `tagged'
  activesupport (4.1.0.rc2) lib/active_support/tagged_logging.rb:68:in `tagged'
  railties (4.1.0.rc2) lib/rails/rack/logger.rb:20:in `call'
  actionpack (4.1.0.rc2) lib/action_dispatch/middleware/request_id.rb:21:in `call'
  rack (1.5.2) lib/rack/methodoverride.rb:21:in `call'
  rack (1.5.2) lib/rack/runtime.rb:17:in `call'
  activesupport (4.1.0.rc2) lib/active_support/cache/strategy/local_cache_middleware.rb:26:in `call'
  rack (1.5.2) lib/rack/lock.rb:17:in `call'
  actionpack (4.1.0.rc2) lib/action_dispatch/middleware/static.rb:64:in `call'
  rack (1.5.2) lib/rack/sendfile.rb:112:in `call'
  railties (4.1.0.rc2) lib/rails/engine.rb:515:in `call'
  railties (4.1.0.rc2) lib/rails/application.rb:142:in `call'
  rack (1.5.2) lib/rack/lock.rb:17:in `call'
  rack (1.5.2) lib/rack/content_length.rb:14:in `call'
  rack (1.5.2) lib/rack/handler/webrick.rb:60:in `service'
  /Users/amandahimmelstoss/.rvm/rubies/ruby-2.0.0-p451/lib/ruby/2.0.0/webrick/httpserver.rb:138:in `service'
  /Users/amandahimmelstoss/.rvm/rubies/ruby-2.0.0-p451/lib/ruby/2.0.0/webrick/httpserver.rb:94:in `run'
  /Users/amandahimmelstoss/.rvm/rubies/ruby-2.0.0-p451/lib/ruby/2.0.0/webrick/server.rb:295:in `block in start_thread'



Started POST "/__better_errors/2156771900/variables" for 127.0.0.1 at 2014-05-15 11:12:17 -0400


Started GET "/posts" for 127.0.0.1 at 2014-05-15 11:12:34 -0400
Processing by PostsController#index as HTML
  [1m[35mPost Load (0.2ms)[0m  SELECT "posts".* FROM "posts"
  Rendered posts/index.html.erb within layouts/application (1.6ms)
Completed 500 Internal Server Error in 56ms

Sprockets::FileNotFound - couldn't find file 'turbolinks'
  (in /Users/amandahimmelstoss/Development/flatiron-ta/ruby-labs/rails-blog-nested/app/assets/javascripts/application.js:15):
  sprockets (2.11.0) lib/sprockets/context.rb:106:in `resolve'
  sprockets (2.11.0) lib/sprockets/context.rb:146:in `require_asset'
  sprockets (2.11.0) lib/sprockets/directive_processor.rb:217:in `process_require_directive'
  sprockets (2.11.0) lib/sprockets/directive_processor.rb:167:in `block in process_directives'
  sprockets (2.11.0) lib/sprockets/directive_processor.rb:165:in `process_directives'
  sprockets (2.11.0) lib/sprockets/directive_processor.rb:99:in `evaluate'
  tilt (1.4.1) lib/tilt/template.rb:103:in `render'
  sprockets (2.11.0) lib/sprockets/context.rb:197:in `block in evaluate'
  sprockets (2.11.0) lib/sprockets/context.rb:194:in `evaluate'
  sprockets (2.11.0) lib/sprockets/processed_asset.rb:12:in `initialize'
  sprockets (2.11.0) lib/sprockets/base.rb:374:in `block in build_asset'
  sprockets (2.11.0) lib/sprockets/base.rb:395:in `circular_call_protection'
  sprockets (2.11.0) lib/sprockets/base.rb:373:in `build_asset'
  sprockets (2.11.0) lib/sprockets/index.rb:94:in `block in build_asset'
  sprockets (2.11.0) lib/sprockets/caching.rb:58:in `cache_asset'
  sprockets (2.11.0) lib/sprockets/index.rb:93:in `build_asset'
  sprockets (2.11.0) lib/sprockets/base.rb:287:in `find_asset'
  sprockets (2.11.0) lib/sprockets/index.rb:61:in `find_asset'
  sprockets (2.11.0) lib/sprockets/bundled_asset.rb:37:in `init_with'
  sprockets (2.11.0) lib/sprockets/asset.rb:24:in `from_hash'
  sprockets (2.11.0) lib/sprockets/caching.rb:54:in `cache_asset'
  sprockets (2.11.0) lib/sprockets/index.rb:93:in `build_asset'
  sprockets (2.11.0) lib/sprockets/base.rb:287:in `find_asset'
  sprockets (2.11.0) lib/sprockets/index.rb:61:in `find_asset'
  sprockets (2.11.0) lib/sprockets/environment.rb:75:in `find_asset'
  sprockets (2.11.0) lib/sprockets/base.rb:295:in `[]'
  sprockets-rails (2.0.1) lib/sprockets/rails/helper.rb:144:in `lookup_asset_for_path'
  sprockets-rails (2.0.1) lib/sprockets/rails/helper.rb:91:in `block in javascript_include_tag'
  sprockets-rails (2.0.1) lib/sprockets/rails/helper.rb:90:in `javascript_include_tag'
  sprockets_better_errors (0.0.5) lib/sprockets_better_errors/sprockets_rails_helper.rb:56:in `javascript_include_tag'
  app/views/layouts/application.html.erb:6:in `_app_views_layouts_application_html_erb__4394790644839081782_2184805040'
  actionview (4.1.0.rc2) lib/action_view/template.rb:145:in `block in render'
  activesupport (4.1.0.rc2) lib/active_support/notifications.rb:161:in `instrument'
  actionview (4.1.0.rc2) lib/action_view/template.rb:339:in `instrument'
  actionview (4.1.0.rc2) lib/action_view/template.rb:143:in `render'
  actionview (4.1.0.rc2) lib/action_view/renderer/template_renderer.rb:67:in `render_with_layout'
  actionview (4.1.0.rc2) lib/action_view/renderer/template_renderer.rb:53:in `render_template'
  actionview (4.1.0.rc2) lib/action_view/renderer/template_renderer.rb:17:in `render'
  actionview (4.1.0.rc2) lib/action_view/renderer/renderer.rb:42:in `render_template'
  actionview (4.1.0.rc2) lib/action_view/renderer/renderer.rb:23:in `render'
  actionview (4.1.0.rc2) lib/action_view/rendering.rb:99:in `_render_template'
  actionpack (4.1.0.rc2) lib/action_controller/metal/streaming.rb:217:in `_render_template'
  actionview (4.1.0.rc2) lib/action_view/rendering.rb:82:in `render_to_body'
  actionpack (4.1.0.rc2) lib/action_controller/metal/rendering.rb:32:in `render_to_body'
  actionpack (4.1.0.rc2) lib/action_controller/metal/renderers.rb:32:in `render_to_body'
  actionpack (4.1.0.rc2) lib/abstract_controller/rendering.rb:25:in `render'
  actionpack (4.1.0.rc2) lib/action_controller/metal/rendering.rb:16:in `render'
  actionpack (4.1.0.rc2) lib/action_controller/metal/instrumentation.rb:41:in `block (2 levels) in render'
  activesupport (4.1.0.rc2) lib/active_support/core_ext/benchmark.rb:12:in `block in ms'
  /Users/amandahimmelstoss/.rvm/rubies/ruby-2.0.0-p451/lib/ruby/2.0.0/benchmark.rb:296:in `realtime'
  activesupport (4.1.0.rc2) lib/active_support/core_ext/benchmark.rb:12:in `ms'
  actionpack (4.1.0.rc2) lib/action_controller/metal/instrumentation.rb:41:in `block in render'
  actionpack (4.1.0.rc2) lib/action_controller/metal/instrumentation.rb:84:in `cleanup_view_runtime'
  activerecord (4.1.0.rc2) lib/active_record/railties/controller_runtime.rb:25:in `cleanup_view_runtime'
  actionpack (4.1.0.rc2) lib/action_controller/metal/instrumentation.rb:40:in `render'
  actionpack (4.1.0.rc2) lib/action_controller/metal/implicit_render.rb:10:in `default_render'
  actionpack (4.1.0.rc2) lib/action_controller/metal/implicit_render.rb:5:in `send_action'
  actionpack (4.1.0.rc2) lib/abstract_controller/base.rb:189:in `process_action'
  actionpack (4.1.0.rc2) lib/action_controller/metal/rendering.rb:10:in `process_action'
  actionpack (4.1.0.rc2) lib/abstract_controller/callbacks.rb:20:in `block in process_action'
  activesupport (4.1.0.rc2) lib/active_support/callbacks.rb:113:in `call'
  activesupport (4.1.0.rc2) lib/active_support/callbacks.rb:149:in `block in halting_and_conditional'
  activesupport (4.1.0.rc2) lib/active_support/callbacks.rb:229:in `block in halting'
  activesupport (4.1.0.rc2) lib/active_support/callbacks.rb:166:in `block in halting'
  activesupport (4.1.0.rc2) lib/active_support/callbacks.rb:86:in `run_callbacks'
  actionpack (4.1.0.rc2) lib/abstract_controller/callbacks.rb:19:in `process_action'
  actionpack (4.1.0.rc2) lib/action_controller/metal/rescue.rb:29:in `process_action'
  actionpack (4.1.0.rc2) lib/action_controller/metal/instrumentation.rb:31:in `block in process_action'
  activesupport (4.1.0.rc2) lib/active_support/notifications.rb:159:in `block in instrument'
  activesupport (4.1.0.rc2) lib/active_support/notifications/instrumenter.rb:20:in `instrument'
  activesupport (4.1.0.rc2) lib/active_support/notifications.rb:159:in `instrument'
  actionpack (4.1.0.rc2) lib/action_controller/metal/instrumentation.rb:30:in `process_action'
  actionpack (4.1.0.rc2) lib/action_controller/metal/params_wrapper.rb:250:in `process_action'
  activerecord (4.1.0.rc2) lib/active_record/railties/controller_runtime.rb:18:in `process_action'
  actionpack (4.1.0.rc2) lib/abstract_controller/base.rb:136:in `process'
  actionview (4.1.0.rc2) lib/action_view/rendering.rb:30:in `process'
  actionpack (4.1.0.rc2) lib/action_controller/metal.rb:195:in `dispatch'
  actionpack (4.1.0.rc2) lib/action_controller/metal/rack_delegation.rb:13:in `dispatch'
  actionpack (4.1.0.rc2) lib/action_controller/metal.rb:231:in `block in action'
  actionpack (4.1.0.rc2) lib/action_dispatch/routing/route_set.rb:80:in `dispatch'
  actionpack (4.1.0.rc2) lib/action_dispatch/routing/route_set.rb:48:in `call'
  actionpack (4.1.0.rc2) lib/action_dispatch/journey/router.rb:71:in `block in call'
  actionpack (4.1.0.rc2) lib/action_dispatch/journey/router.rb:59:in `call'
  actionpack (4.1.0.rc2) lib/action_dispatch/routing/route_set.rb:676:in `call'
  rack (1.5.2) lib/rack/etag.rb:23:in `call'
  rack (1.5.2) lib/rack/conditionalget.rb:25:in `call'
  rack (1.5.2) lib/rack/head.rb:11:in `call'
  actionpack (4.1.0.rc2) lib/action_dispatch/middleware/params_parser.rb:27:in `call'
  actionpack (4.1.0.rc2) lib/action_dispatch/middleware/flash.rb:254:in `call'
  rack (1.5.2) lib/rack/session/abstract/id.rb:225:in `context'
  rack (1.5.2) lib/rack/session/abstract/id.rb:220:in `call'
  actionpack (4.1.0.rc2) lib/action_dispatch/middleware/cookies.rb:560:in `call'
  activerecord (4.1.0.rc2) lib/active_record/query_cache.rb:36:in `call'
  activerecord (4.1.0.rc2) lib/active_record/connection_adapters/abstract/connection_pool.rb:621:in `call'
  activerecord (4.1.0.rc2) lib/active_record/migration.rb:380:in `call'
  actionpack (4.1.0.rc2) lib/action_dispatch/middleware/callbacks.rb:29:in `block in call'
  activesupport (4.1.0.rc2) lib/active_support/callbacks.rb:82:in `run_callbacks'
  actionpack (4.1.0.rc2) lib/action_dispatch/middleware/callbacks.rb:27:in `call'
  actionpack (4.1.0.rc2) lib/action_dispatch/middleware/reloader.rb:73:in `call'
  actionpack (4.1.0.rc2) lib/action_dispatch/middleware/remote_ip.rb:76:in `call'
  better_errors (1.1.0) lib/better_errors/middleware.rb:84:in `protected_app_call'
  better_errors (1.1.0) lib/better_errors/middleware.rb:79:in `better_errors_call'
  better_errors (1.1.0) lib/better_errors/middleware.rb:56:in `call'
  actionpack (4.1.0.rc2) lib/action_dispatch/middleware/debug_exceptions.rb:17:in `call'
  actionpack (4.1.0.rc2) lib/action_dispatch/middleware/show_exceptions.rb:30:in `call'
  railties (4.1.0.rc2) lib/rails/rack/logger.rb:38:in `call_app'
  railties (4.1.0.rc2) lib/rails/rack/logger.rb:20:in `block in call'
  activesupport (4.1.0.rc2) lib/active_support/tagged_logging.rb:68:in `block in tagged'
  activesupport (4.1.0.rc2) lib/active_support/tagged_logging.rb:26:in `tagged'
  activesupport (4.1.0.rc2) lib/active_support/tagged_logging.rb:68:in `tagged'
  railties (4.1.0.rc2) lib/rails/rack/logger.rb:20:in `call'
  actionpack (4.1.0.rc2) lib/action_dispatch/middleware/request_id.rb:21:in `call'
  rack (1.5.2) lib/rack/methodoverride.rb:21:in `call'
  rack (1.5.2) lib/rack/runtime.rb:17:in `call'
  activesupport (4.1.0.rc2) lib/active_support/cache/strategy/local_cache_middleware.rb:26:in `call'
  rack (1.5.2) lib/rack/lock.rb:17:in `call'
  actionpack (4.1.0.rc2) lib/action_dispatch/middleware/static.rb:64:in `call'
  rack (1.5.2) lib/rack/sendfile.rb:112:in `call'
  railties (4.1.0.rc2) lib/rails/engine.rb:515:in `call'
  railties (4.1.0.rc2) lib/rails/application.rb:142:in `call'
  rack (1.5.2) lib/rack/lock.rb:17:in `call'
  rack (1.5.2) lib/rack/content_length.rb:14:in `call'
  rack (1.5.2) lib/rack/handler/webrick.rb:60:in `service'
  /Users/amandahimmelstoss/.rvm/rubies/ruby-2.0.0-p451/lib/ruby/2.0.0/webrick/httpserver.rb:138:in `service'
  /Users/amandahimmelstoss/.rvm/rubies/ruby-2.0.0-p451/lib/ruby/2.0.0/webrick/httpserver.rb:94:in `run'
  /Users/amandahimmelstoss/.rvm/rubies/ruby-2.0.0-p451/lib/ruby/2.0.0/webrick/server.rb:295:in `block in start_thread'



Started POST "/__better_errors/2181766000/variables" for 127.0.0.1 at 2014-05-15 11:12:35 -0400


Started GET "/posts" for 127.0.0.1 at 2014-05-15 11:12:37 -0400
Processing by PostsController#index as HTML
  [1m[36mPost Load (0.1ms)[0m  [1mSELECT "posts".* FROM "posts"[0m
  Rendered posts/index.html.erb within layouts/application (1.6ms)
Completed 500 Internal Server Error in 67ms

Sprockets::FileNotFound - couldn't find file 'turbolinks'
  (in /Users/amandahimmelstoss/Development/flatiron-ta/ruby-labs/rails-blog-nested/app/assets/javascripts/application.js:15):
  sprockets (2.11.0) lib/sprockets/context.rb:106:in `resolve'
  sprockets (2.11.0) lib/sprockets/context.rb:146:in `require_asset'
  sprockets (2.11.0) lib/sprockets/directive_processor.rb:217:in `process_require_directive'
  sprockets (2.11.0) lib/sprockets/directive_processor.rb:167:in `block in process_directives'
  sprockets (2.11.0) lib/sprockets/directive_processor.rb:165:in `process_directives'
  sprockets (2.11.0) lib/sprockets/directive_processor.rb:99:in `evaluate'
  tilt (1.4.1) lib/tilt/template.rb:103:in `render'
  sprockets (2.11.0) lib/sprockets/context.rb:197:in `block in evaluate'
  sprockets (2.11.0) lib/sprockets/context.rb:194:in `evaluate'
  sprockets (2.11.0) lib/sprockets/processed_asset.rb:12:in `initialize'
  sprockets (2.11.0) lib/sprockets/base.rb:374:in `block in build_asset'
  sprockets (2.11.0) lib/sprockets/base.rb:395:in `circular_call_protection'
  sprockets (2.11.0) lib/sprockets/base.rb:373:in `build_asset'
  sprockets (2.11.0) lib/sprockets/index.rb:94:in `block in build_asset'
  sprockets (2.11.0) lib/sprockets/caching.rb:58:in `cache_asset'
  sprockets (2.11.0) lib/sprockets/index.rb:93:in `build_asset'
  sprockets (2.11.0) lib/sprockets/base.rb:287:in `find_asset'
  sprockets (2.11.0) lib/sprockets/index.rb:61:in `find_asset'
  sprockets (2.11.0) lib/sprockets/bundled_asset.rb:37:in `init_with'
  sprockets (2.11.0) lib/sprockets/asset.rb:24:in `from_hash'
  sprockets (2.11.0) lib/sprockets/caching.rb:54:in `cache_asset'
  sprockets (2.11.0) lib/sprockets/index.rb:93:in `build_asset'
  sprockets (2.11.0) lib/sprockets/base.rb:287:in `find_asset'
  sprockets (2.11.0) lib/sprockets/index.rb:61:in `find_asset'
  sprockets (2.11.0) lib/sprockets/environment.rb:75:in `find_asset'
  sprockets (2.11.0) lib/sprockets/base.rb:295:in `[]'
  sprockets-rails (2.0.1) lib/sprockets/rails/helper.rb:144:in `lookup_asset_for_path'
  sprockets-rails (2.0.1) lib/sprockets/rails/helper.rb:91:in `block in javascript_include_tag'
  sprockets-rails (2.0.1) lib/sprockets/rails/helper.rb:90:in `javascript_include_tag'
  sprockets_better_errors (0.0.5) lib/sprockets_better_errors/sprockets_rails_helper.rb:56:in `javascript_include_tag'
  app/views/layouts/application.html.erb:6:in `_app_views_layouts_application_html_erb__4394790644839081782_2184805040'
  actionview (4.1.0.rc2) lib/action_view/template.rb:145:in `block in render'
  activesupport (4.1.0.rc2) lib/active_support/notifications.rb:161:in `instrument'
  actionview (4.1.0.rc2) lib/action_view/template.rb:339:in `instrument'
  actionview (4.1.0.rc2) lib/action_view/template.rb:143:in `render'
  actionview (4.1.0.rc2) lib/action_view/renderer/template_renderer.rb:67:in `render_with_layout'
  actionview (4.1.0.rc2) lib/action_view/renderer/template_renderer.rb:53:in `render_template'
  actionview (4.1.0.rc2) lib/action_view/renderer/template_renderer.rb:17:in `render'
  actionview (4.1.0.rc2) lib/action_view/renderer/renderer.rb:42:in `render_template'
  actionview (4.1.0.rc2) lib/action_view/renderer/renderer.rb:23:in `render'
  actionview (4.1.0.rc2) lib/action_view/rendering.rb:99:in `_render_template'
  actionpack (4.1.0.rc2) lib/action_controller/metal/streaming.rb:217:in `_render_template'
  actionview (4.1.0.rc2) lib/action_view/rendering.rb:82:in `render_to_body'
  actionpack (4.1.0.rc2) lib/action_controller/metal/rendering.rb:32:in `render_to_body'
  actionpack (4.1.0.rc2) lib/action_controller/metal/renderers.rb:32:in `render_to_body'
  actionpack (4.1.0.rc2) lib/abstract_controller/rendering.rb:25:in `render'
  actionpack (4.1.0.rc2) lib/action_controller/metal/rendering.rb:16:in `render'
  actionpack (4.1.0.rc2) lib/action_controller/metal/instrumentation.rb:41:in `block (2 levels) in render'
  activesupport (4.1.0.rc2) lib/active_support/core_ext/benchmark.rb:12:in `block in ms'
  /Users/amandahimmelstoss/.rvm/rubies/ruby-2.0.0-p451/lib/ruby/2.0.0/benchmark.rb:296:in `realtime'
  activesupport (4.1.0.rc2) lib/active_support/core_ext/benchmark.rb:12:in `ms'
  actionpack (4.1.0.rc2) lib/action_controller/metal/instrumentation.rb:41:in `block in render'
  actionpack (4.1.0.rc2) lib/action_controller/metal/instrumentation.rb:84:in `cleanup_view_runtime'
  activerecord (4.1.0.rc2) lib/active_record/railties/controller_runtime.rb:25:in `cleanup_view_runtime'
  actionpack (4.1.0.rc2) lib/action_controller/metal/instrumentation.rb:40:in `render'
  actionpack (4.1.0.rc2) lib/action_controller/metal/implicit_render.rb:10:in `default_render'
  actionpack (4.1.0.rc2) lib/action_controller/metal/implicit_render.rb:5:in `send_action'
  actionpack (4.1.0.rc2) lib/abstract_controller/base.rb:189:in `process_action'
  actionpack (4.1.0.rc2) lib/action_controller/metal/rendering.rb:10:in `process_action'
  actionpack (4.1.0.rc2) lib/abstract_controller/callbacks.rb:20:in `block in process_action'
  activesupport (4.1.0.rc2) lib/active_support/callbacks.rb:113:in `call'
  activesupport (4.1.0.rc2) lib/active_support/callbacks.rb:149:in `block in halting_and_conditional'
  activesupport (4.1.0.rc2) lib/active_support/callbacks.rb:229:in `block in halting'
  activesupport (4.1.0.rc2) lib/active_support/callbacks.rb:166:in `block in halting'
  activesupport (4.1.0.rc2) lib/active_support/callbacks.rb:86:in `run_callbacks'
  actionpack (4.1.0.rc2) lib/abstract_controller/callbacks.rb:19:in `process_action'
  actionpack (4.1.0.rc2) lib/action_controller/metal/rescue.rb:29:in `process_action'
  actionpack (4.1.0.rc2) lib/action_controller/metal/instrumentation.rb:31:in `block in process_action'
  activesupport (4.1.0.rc2) lib/active_support/notifications.rb:159:in `block in instrument'
  activesupport (4.1.0.rc2) lib/active_support/notifications/instrumenter.rb:20:in `instrument'
  activesupport (4.1.0.rc2) lib/active_support/notifications.rb:159:in `instrument'
  actionpack (4.1.0.rc2) lib/action_controller/metal/instrumentation.rb:30:in `process_action'
  actionpack (4.1.0.rc2) lib/action_controller/metal/params_wrapper.rb:250:in `process_action'
  activerecord (4.1.0.rc2) lib/active_record/railties/controller_runtime.rb:18:in `process_action'
  actionpack (4.1.0.rc2) lib/abstract_controller/base.rb:136:in `process'
  actionview (4.1.0.rc2) lib/action_view/rendering.rb:30:in `process'
  actionpack (4.1.0.rc2) lib/action_controller/metal.rb:195:in `dispatch'
  actionpack (4.1.0.rc2) lib/action_controller/metal/rack_delegation.rb:13:in `dispatch'
  actionpack (4.1.0.rc2) lib/action_controller/metal.rb:231:in `block in action'
  actionpack (4.1.0.rc2) lib/action_dispatch/routing/route_set.rb:80:in `dispatch'
  actionpack (4.1.0.rc2) lib/action_dispatch/routing/route_set.rb:48:in `call'
  actionpack (4.1.0.rc2) lib/action_dispatch/journey/router.rb:71:in `block in call'
  actionpack (4.1.0.rc2) lib/action_dispatch/journey/router.rb:59:in `call'
  actionpack (4.1.0.rc2) lib/action_dispatch/routing/route_set.rb:676:in `call'
  rack (1.5.2) lib/rack/etag.rb:23:in `call'
  rack (1.5.2) lib/rack/conditionalget.rb:25:in `call'
  rack (1.5.2) lib/rack/head.rb:11:in `call'
  actionpack (4.1.0.rc2) lib/action_dispatch/middleware/params_parser.rb:27:in `call'
  actionpack (4.1.0.rc2) lib/action_dispatch/middleware/flash.rb:254:in `call'
  rack (1.5.2) lib/rack/session/abstract/id.rb:225:in `context'
  rack (1.5.2) lib/rack/session/abstract/id.rb:220:in `call'
  actionpack (4.1.0.rc2) lib/action_dispatch/middleware/cookies.rb:560:in `call'
  activerecord (4.1.0.rc2) lib/active_record/query_cache.rb:36:in `call'
  activerecord (4.1.0.rc2) lib/active_record/connection_adapters/abstract/connection_pool.rb:621:in `call'
  activerecord (4.1.0.rc2) lib/active_record/migration.rb:380:in `call'
  actionpack (4.1.0.rc2) lib/action_dispatch/middleware/callbacks.rb:29:in `block in call'
  activesupport (4.1.0.rc2) lib/active_support/callbacks.rb:82:in `run_callbacks'
  actionpack (4.1.0.rc2) lib/action_dispatch/middleware/callbacks.rb:27:in `call'
  actionpack (4.1.0.rc2) lib/action_dispatch/middleware/reloader.rb:73:in `call'
  actionpack (4.1.0.rc2) lib/action_dispatch/middleware/remote_ip.rb:76:in `call'
  better_errors (1.1.0) lib/better_errors/middleware.rb:84:in `protected_app_call'
  better_errors (1.1.0) lib/better_errors/middleware.rb:79:in `better_errors_call'
  better_errors (1.1.0) lib/better_errors/middleware.rb:56:in `call'
  actionpack (4.1.0.rc2) lib/action_dispatch/middleware/debug_exceptions.rb:17:in `call'
  actionpack (4.1.0.rc2) lib/action_dispatch/middleware/show_exceptions.rb:30:in `call'
  railties (4.1.0.rc2) lib/rails/rack/logger.rb:38:in `call_app'
  railties (4.1.0.rc2) lib/rails/rack/logger.rb:20:in `block in call'
  activesupport (4.1.0.rc2) lib/active_support/tagged_logging.rb:68:in `block in tagged'
  activesupport (4.1.0.rc2) lib/active_support/tagged_logging.rb:26:in `tagged'
  activesupport (4.1.0.rc2) lib/active_support/tagged_logging.rb:68:in `tagged'
  railties (4.1.0.rc2) lib/rails/rack/logger.rb:20:in `call'
  actionpack (4.1.0.rc2) lib/action_dispatch/middleware/request_id.rb:21:in `call'
  rack (1.5.2) lib/rack/methodoverride.rb:21:in `call'
  rack (1.5.2) lib/rack/runtime.rb:17:in `call'
  activesupport (4.1.0.rc2) lib/active_support/cache/strategy/local_cache_middleware.rb:26:in `call'
  rack (1.5.2) lib/rack/lock.rb:17:in `call'
  actionpack (4.1.0.rc2) lib/action_dispatch/middleware/static.rb:64:in `call'
  rack (1.5.2) lib/rack/sendfile.rb:112:in `call'
  railties (4.1.0.rc2) lib/rails/engine.rb:515:in `call'
  railties (4.1.0.rc2) lib/rails/application.rb:142:in `call'
  rack (1.5.2) lib/rack/lock.rb:17:in `call'
  rack (1.5.2) lib/rack/content_length.rb:14:in `call'
  rack (1.5.2) lib/rack/handler/webrick.rb:60:in `service'
  /Users/amandahimmelstoss/.rvm/rubies/ruby-2.0.0-p451/lib/ruby/2.0.0/webrick/httpserver.rb:138:in `service'
  /Users/amandahimmelstoss/.rvm/rubies/ruby-2.0.0-p451/lib/ruby/2.0.0/webrick/httpserver.rb:94:in `run'
  /Users/amandahimmelstoss/.rvm/rubies/ruby-2.0.0-p451/lib/ruby/2.0.0/webrick/server.rb:295:in `block in start_thread'



Started POST "/__better_errors/2182930200/variables" for 127.0.0.1 at 2014-05-15 11:12:38 -0400


Started GET "/posts" for 127.0.0.1 at 2014-05-15 11:13:06 -0400
Processing by PostsController#index as HTML
  [1m[35mPost Load (0.1ms)[0m  SELECT "posts".* FROM "posts"
  Rendered posts/index.html.erb within layouts/application (1.2ms)
Completed 200 OK in 65ms (Views: 65.0ms | ActiveRecord: 0.1ms)


Started GET "/assets/posts.js?body=1" for 127.0.0.1 at 2014-05-15 11:13:06 -0400


Started GET "/assets/jquery_ujs.js?body=1" for 127.0.0.1 at 2014-05-15 11:13:06 -0400


Started GET "/assets/jquery.js?body=1" for 127.0.0.1 at 2014-05-15 11:13:06 -0400


Started GET "/assets/posts.css?body=1" for 127.0.0.1 at 2014-05-15 11:13:06 -0400


Started GET "/assets/scaffolds.css?body=1" for 127.0.0.1 at 2014-05-15 11:13:06 -0400


Started GET "/assets/application.css?body=1" for 127.0.0.1 at 2014-05-15 11:13:06 -0400


Started GET "/assets/application.js?body=1" for 127.0.0.1 at 2014-05-15 11:13:06 -0400


Started GET "/posts/1" for 127.0.0.1 at 2014-05-15 11:13:16 -0400
Processing by PostsController#show as HTML
  Parameters: {"id"=>"1"}
  [1m[36mPost Load (0.1ms)[0m  [1mSELECT  "posts".* FROM "posts"  WHERE "posts"."id" = ? LIMIT 1[0m  [["id", 1]]
  [1m[35mTag Load (0.1ms)[0m  SELECT "tags".* FROM "tags" INNER JOIN "post_tags" ON "tags"."id" = "post_tags"."tag_id" WHERE "post_tags"."post_id" = ?  [["post_id", 1]]
  [1m[36mTag Load (0.6ms)[0m  [1mSELECT "tags".* FROM "tags"[0m
  Rendered posts/show.html.erb within layouts/application (39.8ms)
Completed 200 OK in 45ms (Views: 42.9ms | ActiveRecord: 0.8ms)


Started GET "/assets/posts.css?body=1" for 127.0.0.1 at 2014-05-15 11:13:16 -0400


Started GET "/assets/jquery.js?body=1" for 127.0.0.1 at 2014-05-15 11:13:16 -0400


Started GET "/assets/posts.js?body=1" for 127.0.0.1 at 2014-05-15 11:13:16 -0400


Started GET "/assets/application.css?body=1" for 127.0.0.1 at 2014-05-15 11:13:16 -0400


Started GET "/assets/scaffolds.css?body=1" for 127.0.0.1 at 2014-05-15 11:13:16 -0400


Started GET "/assets/jquery_ujs.js?body=1" for 127.0.0.1 at 2014-05-15 11:13:16 -0400


Started GET "/assets/application.js?body=1" for 127.0.0.1 at 2014-05-15 11:13:16 -0400


Started PATCH "/posts/1" for 127.0.0.1 at 2014-05-15 11:13:23 -0400
Processing by PostsController#update as HTML
  Parameters: {"utf8"=>"✓", "authenticity_token"=>"sIWxQ9WBMcTyz7vw3SNJo+pCLB2G6QLYJktsCRsFF0E=", "post"=>{"tag_ids"=>["209", "211", "228", ""]}, "commit"=>"Update Post", "id"=>"1"}
  [1m[35mPost Load (0.1ms)[0m  SELECT  "posts".* FROM "posts"  WHERE "posts"."id" = ? LIMIT 1  [["id", 1]]
  [1m[36m (0.1ms)[0m  [1mbegin transaction[0m
  [1m[35mTag Load (0.2ms)[0m  SELECT "tags".* FROM "tags"  WHERE "tags"."id" IN (209, 211, 228)
  [1m[36mTag Load (0.1ms)[0m  [1mSELECT "tags".* FROM "tags" INNER JOIN "post_tags" ON "tags"."id" = "post_tags"."tag_id" WHERE "post_tags"."post_id" = ?[0m  [["post_id", 1]]
  [1m[35mSQL (0.6ms)[0m  DELETE FROM "post_tags" WHERE "post_tags"."post_id" = ? AND "post_tags"."tag_id" = 227  [["post_id", 1]]
  [1m[36mSQL (0.2ms)[0m  [1mINSERT INTO "post_tags" ("created_at", "post_id", "tag_id", "updated_at") VALUES (?, ?, ?, ?)[0m  [["created_at", "2014-05-15 15:13:23.575704"], ["post_id", 1], ["tag_id", 209], ["updated_at", "2014-05-15 15:13:23.575704"]]
  [1m[35mSQL (0.1ms)[0m  INSERT INTO "post_tags" ("created_at", "post_id", "tag_id", "updated_at") VALUES (?, ?, ?, ?)  [["created_at", "2014-05-15 15:13:23.580609"], ["post_id", 1], ["tag_id", 211], ["updated_at", "2014-05-15 15:13:23.580609"]]
  [1m[36mSQL (0.1ms)[0m  [1mINSERT INTO "post_tags" ("created_at", "post_id", "tag_id", "updated_at") VALUES (?, ?, ?, ?)[0m  [["created_at", "2014-05-15 15:13:23.582391"], ["post_id", 1], ["tag_id", 228], ["updated_at", "2014-05-15 15:13:23.582391"]]
  [1m[35m (0.8ms)[0m  commit transaction
Redirected to http://localhost:3000/posts/1
Completed 302 Found in 30ms (ActiveRecord: 2.3ms)


Started GET "/posts/1" for 127.0.0.1 at 2014-05-15 11:13:23 -0400
Processing by PostsController#show as HTML
  Parameters: {"id"=>"1"}
  [1m[36mPost Load (0.1ms)[0m  [1mSELECT  "posts".* FROM "posts"  WHERE "posts"."id" = ? LIMIT 1[0m  [["id", 1]]
  [1m[35mTag Load (0.1ms)[0m  SELECT "tags".* FROM "tags" INNER JOIN "post_tags" ON "tags"."id" = "post_tags"."tag_id" WHERE "post_tags"."post_id" = ?  [["post_id", 1]]
  [1m[36mTag Load (0.6ms)[0m  [1mSELECT "tags".* FROM "tags"[0m
  Rendered posts/show.html.erb within layouts/application (46.9ms)
Completed 200 OK in 51ms (Views: 49.6ms | ActiveRecord: 0.8ms)


Started GET "/assets/posts.css?body=1" for 127.0.0.1 at 2014-05-15 11:13:23 -0400


Started GET "/assets/scaffolds.css?body=1" for 127.0.0.1 at 2014-05-15 11:13:23 -0400


Started GET "/assets/application.js?body=1" for 127.0.0.1 at 2014-05-15 11:13:23 -0400


Started GET "/assets/jquery_ujs.js?body=1" for 127.0.0.1 at 2014-05-15 11:13:23 -0400


Started GET "/assets/posts.js?body=1" for 127.0.0.1 at 2014-05-15 11:13:23 -0400


Started GET "/assets/application.css?body=1" for 127.0.0.1 at 2014-05-15 11:13:23 -0400


Started GET "/assets/jquery.js?body=1" for 127.0.0.1 at 2014-05-15 11:13:23 -0400


Started GET "/tags/1" for 127.0.0.1 at 2014-05-15 11:13:29 -0400
Processing by TagsController#show as HTML
  Parameters: {"id"=>"1"}
  [1m[35mTag Load (0.2ms)[0m  SELECT  "tags".* FROM "tags"  WHERE "tags"."id" = ? LIMIT 1  [["id", 1]]
  Rendered tags/show.html.erb within layouts/application (1.7ms)
Completed 200 OK in 8ms (Views: 6.6ms | ActiveRecord: 0.2ms)


Started GET "/assets/scaffolds.css?body=1" for 127.0.0.1 at 2014-05-15 11:13:29 -0400


Started GET "/assets/jquery.js?body=1" for 127.0.0.1 at 2014-05-15 11:13:29 -0400


Started GET "/assets/jquery_ujs.js?body=1" for 127.0.0.1 at 2014-05-15 11:13:29 -0400


Started GET "/assets/application.js?body=1" for 127.0.0.1 at 2014-05-15 11:13:29 -0400


Started GET "/assets/application.css?body=1" for 127.0.0.1 at 2014-05-15 11:13:29 -0400


Started GET "/assets/posts.js?body=1" for 127.0.0.1 at 2014-05-15 11:13:29 -0400


Started GET "/assets/posts.css?body=1" for 127.0.0.1 at 2014-05-15 11:13:29 -0400


Started GET "/tags" for 127.0.0.1 at 2014-05-15 11:13:34 -0400
Processing by TagsController#index as HTML
  [1m[36mTag Load (1.0ms)[0m  [1mSELECT "tags".* FROM "tags"[0m
  Rendered tags/index.html.erb within layouts/application (109.7ms)
Completed 200 OK in 115ms (Views: 113.8ms | ActiveRecord: 1.0ms)


Started GET "/assets/posts.css?body=1" for 127.0.0.1 at 2014-05-15 11:13:34 -0400


Started GET "/assets/jquery_ujs.js?body=1" for 127.0.0.1 at 2014-05-15 11:13:34 -0400


Started GET "/assets/jquery.js?body=1" for 127.0.0.1 at 2014-05-15 11:13:34 -0400


Started GET "/assets/scaffolds.css?body=1" for 127.0.0.1 at 2014-05-15 11:13:34 -0400


Started GET "/assets/posts.js?body=1" for 127.0.0.1 at 2014-05-15 11:13:34 -0400


Started GET "/assets/application.js?body=1" for 127.0.0.1 at 2014-05-15 11:13:34 -0400


Started GET "/assets/application.css?body=1" for 127.0.0.1 at 2014-05-15 11:13:34 -0400


Started GET "/tags/9" for 127.0.0.1 at 2014-05-15 11:13:40 -0400
Processing by TagsController#show as HTML
  Parameters: {"id"=>"9"}
  [1m[35mTag Load (0.1ms)[0m  SELECT  "tags".* FROM "tags"  WHERE "tags"."id" = ? LIMIT 1  [["id", 9]]
  Rendered tags/show.html.erb within layouts/application (0.9ms)
Completed 200 OK in 7ms (Views: 6.0ms | ActiveRecord: 0.1ms)


Started GET "/assets/application.css?body=1" for 127.0.0.1 at 2014-05-15 11:13:40 -0400


Started GET "/assets/posts.js?body=1" for 127.0.0.1 at 2014-05-15 11:13:40 -0400


Started GET "/assets/posts.css?body=1" for 127.0.0.1 at 2014-05-15 11:13:40 -0400


Started GET "/assets/jquery.js?body=1" for 127.0.0.1 at 2014-05-15 11:13:40 -0400


Started GET "/assets/scaffolds.css?body=1" for 127.0.0.1 at 2014-05-15 11:13:40 -0400


Started GET "/assets/jquery_ujs.js?body=1" for 127.0.0.1 at 2014-05-15 11:13:40 -0400


Started GET "/assets/application.js?body=1" for 127.0.0.1 at 2014-05-15 11:13:40 -0400


Started GET "/users/1" for 127.0.0.1 at 2014-05-15 11:13:50 -0400
Processing by UsersController#show as HTML
  Parameters: {"id"=>"1"}
  [1m[36mUser Load (0.1ms)[0m  [1mSELECT  "users".* FROM "users"  WHERE "users"."id" = ? LIMIT 1[0m  [["id", 1]]
  Rendered users/show.html.erb within layouts/application (4.0ms)
Completed 200 OK in 13ms (Views: 8.1ms | ActiveRecord: 0.4ms)


Started GET "/assets/scaffolds.css?body=1" for 127.0.0.1 at 2014-05-15 11:13:50 -0400


Started GET "/assets/posts.css?body=1" for 127.0.0.1 at 2014-05-15 11:13:50 -0400


Started GET "/assets/jquery.js?body=1" for 127.0.0.1 at 2014-05-15 11:13:50 -0400


Started GET "/assets/application.css?body=1" for 127.0.0.1 at 2014-05-15 11:13:50 -0400


Started GET "/assets/jquery_ujs.js?body=1" for 127.0.0.1 at 2014-05-15 11:13:50 -0400


Started GET "/assets/posts.js?body=1" for 127.0.0.1 at 2014-05-15 11:13:50 -0400


Started GET "/assets/application.js?body=1" for 127.0.0.1 at 2014-05-15 11:13:50 -0400


Started GET "/users" for 127.0.0.1 at 2014-05-15 11:13:56 -0400
Processing by UsersController#index as HTML
  [1m[35mUser Load (0.3ms)[0m  SELECT "users".* FROM "users"
  Rendered users/index.html.erb within layouts/application (3.7ms)
Completed 200 OK in 11ms (Views: 10.2ms | ActiveRecord: 0.3ms)


Started GET "/assets/posts.css?body=1" for 127.0.0.1 at 2014-05-15 11:13:56 -0400


Started GET "/assets/scaffolds.css?body=1" for 127.0.0.1 at 2014-05-15 11:13:56 -0400


Started GET "/assets/posts.js?body=1" for 127.0.0.1 at 2014-05-15 11:13:56 -0400


Started GET "/assets/application.css?body=1" for 127.0.0.1 at 2014-05-15 11:13:56 -0400


Started GET "/assets/jquery.js?body=1" for 127.0.0.1 at 2014-05-15 11:13:56 -0400


Started GET "/assets/jquery_ujs.js?body=1" for 127.0.0.1 at 2014-05-15 11:13:56 -0400


Started GET "/assets/application.js?body=1" for 127.0.0.1 at 2014-05-15 11:13:56 -0400


Started GET "/users/1" for 127.0.0.1 at 2014-05-15 11:13:58 -0400
Processing by UsersController#show as HTML
  Parameters: {"id"=>"1"}
  [1m[36mUser Load (0.2ms)[0m  [1mSELECT  "users".* FROM "users"  WHERE "users"."id" = ? LIMIT 1[0m  [["id", 1]]
  Rendered users/show.html.erb within layouts/application (1.1ms)
Completed 200 OK in 8ms (Views: 6.3ms | ActiveRecord: 0.2ms)


Started GET "/assets/application.css?body=1" for 127.0.0.1 at 2014-05-15 11:13:58 -0400


Started GET "/assets/scaffolds.css?body=1" for 127.0.0.1 at 2014-05-15 11:13:58 -0400


Started GET "/assets/jquery_ujs.js?body=1" for 127.0.0.1 at 2014-05-15 11:13:58 -0400


Started GET "/assets/jquery.js?body=1" for 127.0.0.1 at 2014-05-15 11:13:58 -0400


Started GET "/assets/posts.css?body=1" for 127.0.0.1 at 2014-05-15 11:13:58 -0400


Started GET "/assets/posts.js?body=1" for 127.0.0.1 at 2014-05-15 11:13:58 -0400


Started GET "/assets/application.js?body=1" for 127.0.0.1 at 2014-05-15 11:13:58 -0400


Started GET "/posts/new" for 127.0.0.1 at 2014-05-15 11:14:23 -0400
Processing by PostsController#new as HTML
  Rendered posts/_form.html.erb (6.0ms)
  Rendered posts/new.html.erb within layouts/application (10.3ms)
Completed 200 OK in 16ms (Views: 15.5ms | ActiveRecord: 0.0ms)


Started GET "/assets/posts.css?body=1" for 127.0.0.1 at 2014-05-15 11:14:23 -0400


Started GET "/assets/application.css?body=1" for 127.0.0.1 at 2014-05-15 11:14:23 -0400


Started GET "/assets/scaffolds.css?body=1" for 127.0.0.1 at 2014-05-15 11:14:23 -0400


Started GET "/assets/jquery_ujs.js?body=1" for 127.0.0.1 at 2014-05-15 11:14:23 -0400


Started GET "/assets/jquery.js?body=1" for 127.0.0.1 at 2014-05-15 11:14:23 -0400


Started GET "/assets/posts.js?body=1" for 127.0.0.1 at 2014-05-15 11:14:23 -0400


Started GET "/assets/application.js?body=1" for 127.0.0.1 at 2014-05-15 11:14:23 -0400


Started GET "/tags/1" for 127.0.0.1 at 2014-05-15 11:34:20 -0400
Processing by TagsController#show as HTML
  Parameters: {"id"=>"1"}
  [1m[35mTag Load (0.2ms)[0m  SELECT  "tags".* FROM "tags"  WHERE "tags"."id" = ? LIMIT 1  [["id", 1]]
  Rendered tags/show.html.erb within layouts/application (1.6ms)
Completed 500 Internal Server Error in 6ms

SyntaxError - /Users/amandahimmelstoss/Development/flatiron-ta/ruby-labs/rails-blog-nested/app/views/tags/show.html.erb:12: syntax error, unexpected keyword_ensure, expecting keyword_end
/Users/amandahimmelstoss/Development/flatiron-ta/ruby-labs/rails-blog-nested/app/views/tags/show.html.erb:14: syntax error, unexpected end-of-input, expecting keyword_end:
  actionview (4.1.0.rc2) lib/action_view/template.rb:297:in `'
  actionview (4.1.0.rc2) lib/action_view/template.rb:297:in `compile'
  actionview (4.1.0.rc2) lib/action_view/template.rb:245:in `block (2 levels) in compile!'
  activesupport (4.1.0.rc2) lib/active_support/notifications.rb:161:in `instrument'
  actionview (4.1.0.rc2) lib/action_view/template.rb:339:in `instrument'
  actionview (4.1.0.rc2) lib/action_view/template.rb:244:in `block in compile!'
  actionview (4.1.0.rc2) lib/action_view/template.rb:232:in `compile!'
  actionview (4.1.0.rc2) lib/action_view/template.rb:144:in `block in render'
  activesupport (4.1.0.rc2) lib/active_support/notifications.rb:161:in `instrument'
  actionview (4.1.0.rc2) lib/action_view/template.rb:339:in `instrument'
  actionview (4.1.0.rc2) lib/action_view/template.rb:143:in `render'
  actionview (4.1.0.rc2) lib/action_view/renderer/template_renderer.rb:55:in `block (2 levels) in render_template'
  actionview (4.1.0.rc2) lib/action_view/renderer/abstract_renderer.rb:38:in `block in instrument'
  activesupport (4.1.0.rc2) lib/active_support/notifications.rb:159:in `block in instrument'
  activesupport (4.1.0.rc2) lib/active_support/notifications/instrumenter.rb:20:in `instrument'
  activesupport (4.1.0.rc2) lib/active_support/notifications.rb:159:in `instrument'
  actionview (4.1.0.rc2) lib/action_view/renderer/abstract_renderer.rb:38:in `instrument'
  actionview (4.1.0.rc2) lib/action_view/renderer/template_renderer.rb:54:in `block in render_template'
  actionview (4.1.0.rc2) lib/action_view/renderer/template_renderer.rb:62:in `render_with_layout'
  actionview (4.1.0.rc2) lib/action_view/renderer/template_renderer.rb:53:in `render_template'
  actionview (4.1.0.rc2) lib/action_view/renderer/template_renderer.rb:17:in `render'
  actionview (4.1.0.rc2) lib/action_view/renderer/renderer.rb:42:in `render_template'
  actionview (4.1.0.rc2) lib/action_view/renderer/renderer.rb:23:in `render'
  actionview (4.1.0.rc2) lib/action_view/rendering.rb:99:in `_render_template'
  actionpack (4.1.0.rc2) lib/action_controller/metal/streaming.rb:217:in `_render_template'
  actionview (4.1.0.rc2) lib/action_view/rendering.rb:82:in `render_to_body'
  actionpack (4.1.0.rc2) lib/action_controller/metal/rendering.rb:32:in `render_to_body'
  actionpack (4.1.0.rc2) lib/action_controller/metal/renderers.rb:32:in `render_to_body'
  actionpack (4.1.0.rc2) lib/abstract_controller/rendering.rb:25:in `render'
  actionpack (4.1.0.rc2) lib/action_controller/metal/rendering.rb:16:in `render'
  actionpack (4.1.0.rc2) lib/action_controller/metal/instrumentation.rb:41:in `block (2 levels) in render'
  activesupport (4.1.0.rc2) lib/active_support/core_ext/benchmark.rb:12:in `block in ms'
  /Users/amandahimmelstoss/.rvm/rubies/ruby-2.0.0-p451/lib/ruby/2.0.0/benchmark.rb:296:in `realtime'
  activesupport (4.1.0.rc2) lib/active_support/core_ext/benchmark.rb:12:in `ms'
  actionpack (4.1.0.rc2) lib/action_controller/metal/instrumentation.rb:41:in `block in render'
  actionpack (4.1.0.rc2) lib/action_controller/metal/instrumentation.rb:84:in `cleanup_view_runtime'
  activerecord (4.1.0.rc2) lib/active_record/railties/controller_runtime.rb:25:in `cleanup_view_runtime'
  actionpack (4.1.0.rc2) lib/action_controller/metal/instrumentation.rb:40:in `render'
  actionpack (4.1.0.rc2) lib/action_controller/metal/implicit_render.rb:10:in `default_render'
  actionpack (4.1.0.rc2) lib/action_controller/metal/implicit_render.rb:5:in `send_action'
  actionpack (4.1.0.rc2) lib/abstract_controller/base.rb:189:in `process_action'
  actionpack (4.1.0.rc2) lib/action_controller/metal/rendering.rb:10:in `process_action'
  actionpack (4.1.0.rc2) lib/abstract_controller/callbacks.rb:20:in `block in process_action'
  activesupport (4.1.0.rc2) lib/active_support/callbacks.rb:113:in `call'
  activesupport (4.1.0.rc2) lib/active_support/callbacks.rb:149:in `block in halting_and_conditional'
  activesupport (4.1.0.rc2) lib/active_support/callbacks.rb:229:in `block in halting'
  activesupport (4.1.0.rc2) lib/active_support/callbacks.rb:166:in `block in halting'
  activesupport (4.1.0.rc2) lib/active_support/callbacks.rb:86:in `run_callbacks'
  actionpack (4.1.0.rc2) lib/abstract_controller/callbacks.rb:19:in `process_action'
  actionpack (4.1.0.rc2) lib/action_controller/metal/rescue.rb:29:in `process_action'
  actionpack (4.1.0.rc2) lib/action_controller/metal/instrumentation.rb:31:in `block in process_action'
  activesupport (4.1.0.rc2) lib/active_support/notifications.rb:159:in `block in instrument'
  activesupport (4.1.0.rc2) lib/active_support/notifications/instrumenter.rb:20:in `instrument'
  activesupport (4.1.0.rc2) lib/active_support/notifications.rb:159:in `instrument'
  actionpack (4.1.0.rc2) lib/action_controller/metal/instrumentation.rb:30:in `process_action'
  actionpack (4.1.0.rc2) lib/action_controller/metal/params_wrapper.rb:250:in `process_action'
  activerecord (4.1.0.rc2) lib/active_record/railties/controller_runtime.rb:18:in `process_action'
  actionpack (4.1.0.rc2) lib/abstract_controller/base.rb:136:in `process'
  actionview (4.1.0.rc2) lib/action_view/rendering.rb:30:in `process'
  actionpack (4.1.0.rc2) lib/action_controller/metal.rb:195:in `dispatch'
  actionpack (4.1.0.rc2) lib/action_controller/metal/rack_delegation.rb:13:in `dispatch'
  actionpack (4.1.0.rc2) lib/action_controller/metal.rb:231:in `block in action'
  actionpack (4.1.0.rc2) lib/action_dispatch/routing/route_set.rb:80:in `dispatch'
  actionpack (4.1.0.rc2) lib/action_dispatch/routing/route_set.rb:48:in `call'
  actionpack (4.1.0.rc2) lib/action_dispatch/journey/router.rb:71:in `block in call'
  actionpack (4.1.0.rc2) lib/action_dispatch/journey/router.rb:59:in `call'
  actionpack (4.1.0.rc2) lib/action_dispatch/routing/route_set.rb:676:in `call'
  rack (1.5.2) lib/rack/etag.rb:23:in `call'
  rack (1.5.2) lib/rack/conditionalget.rb:25:in `call'
  rack (1.5.2) lib/rack/head.rb:11:in `call'
  actionpack (4.1.0.rc2) lib/action_dispatch/middleware/params_parser.rb:27:in `call'
  actionpack (4.1.0.rc2) lib/action_dispatch/middleware/flash.rb:254:in `call'
  rack (1.5.2) lib/rack/session/abstract/id.rb:225:in `context'
  rack (1.5.2) lib/rack/session/abstract/id.rb:220:in `call'
  actionpack (4.1.0.rc2) lib/action_dispatch/middleware/cookies.rb:560:in `call'
  activerecord (4.1.0.rc2) lib/active_record/query_cache.rb:36:in `call'
  activerecord (4.1.0.rc2) lib/active_record/connection_adapters/abstract/connection_pool.rb:621:in `call'
  activerecord (4.1.0.rc2) lib/active_record/migration.rb:380:in `call'
  actionpack (4.1.0.rc2) lib/action_dispatch/middleware/callbacks.rb:29:in `block in call'
  activesupport (4.1.0.rc2) lib/active_support/callbacks.rb:82:in `run_callbacks'
  actionpack (4.1.0.rc2) lib/action_dispatch/middleware/callbacks.rb:27:in `call'
  actionpack (4.1.0.rc2) lib/action_dispatch/middleware/reloader.rb:73:in `call'
  actionpack (4.1.0.rc2) lib/action_dispatch/middleware/remote_ip.rb:76:in `call'
  better_errors (1.1.0) lib/better_errors/middleware.rb:84:in `protected_app_call'
  better_errors (1.1.0) lib/better_errors/middleware.rb:79:in `better_errors_call'
  better_errors (1.1.0) lib/better_errors/middleware.rb:56:in `call'
  actionpack (4.1.0.rc2) lib/action_dispatch/middleware/debug_exceptions.rb:17:in `call'
  actionpack (4.1.0.rc2) lib/action_dispatch/middleware/show_exceptions.rb:30:in `call'
  railties (4.1.0.rc2) lib/rails/rack/logger.rb:38:in `call_app'
  railties (4.1.0.rc2) lib/rails/rack/logger.rb:20:in `block in call'
  activesupport (4.1.0.rc2) lib/active_support/tagged_logging.rb:68:in `block in tagged'
  activesupport (4.1.0.rc2) lib/active_support/tagged_logging.rb:26:in `tagged'
  activesupport (4.1.0.rc2) lib/active_support/tagged_logging.rb:68:in `tagged'
  railties (4.1.0.rc2) lib/rails/rack/logger.rb:20:in `call'
  actionpack (4.1.0.rc2) lib/action_dispatch/middleware/request_id.rb:21:in `call'
  rack (1.5.2) lib/rack/methodoverride.rb:21:in `call'
  rack (1.5.2) lib/rack/runtime.rb:17:in `call'
  activesupport (4.1.0.rc2) lib/active_support/cache/strategy/local_cache_middleware.rb:26:in `call'
  rack (1.5.2) lib/rack/lock.rb:17:in `call'
  actionpack (4.1.0.rc2) lib/action_dispatch/middleware/static.rb:64:in `call'
  rack (1.5.2) lib/rack/sendfile.rb:112:in `call'
  railties (4.1.0.rc2) lib/rails/engine.rb:515:in `call'
  railties (4.1.0.rc2) lib/rails/application.rb:142:in `call'
  rack (1.5.2) lib/rack/lock.rb:17:in `call'
  rack (1.5.2) lib/rack/content_length.rb:14:in `call'
  rack (1.5.2) lib/rack/handler/webrick.rb:60:in `service'
  /Users/amandahimmelstoss/.rvm/rubies/ruby-2.0.0-p451/lib/ruby/2.0.0/webrick/httpserver.rb:138:in `service'
  /Users/amandahimmelstoss/.rvm/rubies/ruby-2.0.0-p451/lib/ruby/2.0.0/webrick/httpserver.rb:94:in `run'
  /Users/amandahimmelstoss/.rvm/rubies/ruby-2.0.0-p451/lib/ruby/2.0.0/webrick/server.rb:295:in `block in start_thread'



Started POST "/__better_errors/2184509480/variables" for 127.0.0.1 at 2014-05-15 11:34:20 -0400


Started GET "/tags/1" for 127.0.0.1 at 2014-05-15 11:34:35 -0400
Processing by TagsController#show as HTML
  Parameters: {"id"=>"1"}
  [1m[36mTag Load (0.1ms)[0m  [1mSELECT  "tags".* FROM "tags"  WHERE "tags"."id" = ? LIMIT 1[0m  [["id", 1]]
  [1m[35mPost Load (0.2ms)[0m  SELECT "posts".* FROM "posts" INNER JOIN "post_tags" ON "posts"."id" = "post_tags"."post_id" WHERE "post_tags"."tag_id" = ?  [["tag_id", 1]]
  Rendered tags/show.html.erb within layouts/application (4.3ms)
Completed 200 OK in 9ms (Views: 8.1ms | ActiveRecord: 0.3ms)


Started GET "/assets/application.css?body=1" for 127.0.0.1 at 2014-05-15 11:34:35 -0400


Started GET "/assets/posts.css?body=1" for 127.0.0.1 at 2014-05-15 11:34:35 -0400


Started GET "/assets/scaffolds.css?body=1" for 127.0.0.1 at 2014-05-15 11:34:35 -0400


Started GET "/assets/jquery.js?body=1" for 127.0.0.1 at 2014-05-15 11:34:35 -0400


Started GET "/assets/application.js?body=1" for 127.0.0.1 at 2014-05-15 11:34:35 -0400


Started GET "/assets/jquery_ujs.js?body=1" for 127.0.0.1 at 2014-05-15 11:34:35 -0400


Started GET "/assets/posts.js?body=1" for 127.0.0.1 at 2014-05-15 11:34:35 -0400


Started GET "/tags/227" for 127.0.0.1 at 2014-05-15 11:34:43 -0400
Processing by TagsController#show as HTML
  Parameters: {"id"=>"227"}
  [1m[36mTag Load (0.1ms)[0m  [1mSELECT  "tags".* FROM "tags"  WHERE "tags"."id" = ? LIMIT 1[0m  [["id", 227]]
  [1m[35mPost Load (0.1ms)[0m  SELECT "posts".* FROM "posts" INNER JOIN "post_tags" ON "posts"."id" = "post_tags"."post_id" WHERE "post_tags"."tag_id" = ?  [["tag_id", 227]]
  Rendered tags/show.html.erb within layouts/application (2.0ms)
Completed 200 OK in 7ms (Views: 5.5ms | ActiveRecord: 0.2ms)


Started GET "/assets/application.css?body=1" for 127.0.0.1 at 2014-05-15 11:34:43 -0400


Started GET "/assets/posts.css?body=1" for 127.0.0.1 at 2014-05-15 11:34:43 -0400


Started GET "/assets/scaffolds.css?body=1" for 127.0.0.1 at 2014-05-15 11:34:43 -0400


Started GET "/assets/posts.js?body=1" for 127.0.0.1 at 2014-05-15 11:34:43 -0400


Started GET "/assets/jquery.js?body=1" for 127.0.0.1 at 2014-05-15 11:34:43 -0400


Started GET "/assets/jquery_ujs.js?body=1" for 127.0.0.1 at 2014-05-15 11:34:43 -0400


Started GET "/assets/application.js?body=1" for 127.0.0.1 at 2014-05-15 11:34:43 -0400


Started GET "/posts/1" for 127.0.0.1 at 2014-05-15 11:34:48 -0400
Processing by PostsController#show as HTML
  Parameters: {"id"=>"1"}
  [1m[36mPost Load (0.1ms)[0m  [1mSELECT  "posts".* FROM "posts"  WHERE "posts"."id" = ? LIMIT 1[0m  [["id", 1]]
  [1m[35mTag Load (0.1ms)[0m  SELECT "tags".* FROM "tags" INNER JOIN "post_tags" ON "tags"."id" = "post_tags"."tag_id" WHERE "post_tags"."post_id" = ?  [["post_id", 1]]
  [1m[36mTag Load (1.0ms)[0m  [1mSELECT "tags".* FROM "tags"[0m
  Rendered posts/show.html.erb within layouts/application (46.1ms)
Completed 200 OK in 52ms (Views: 49.8ms | ActiveRecord: 1.2ms)


Started GET "/assets/application.css?body=1" for 127.0.0.1 at 2014-05-15 11:34:48 -0400


Started GET "/assets/posts.css?body=1" for 127.0.0.1 at 2014-05-15 11:34:48 -0400


Started GET "/assets/jquery_ujs.js?body=1" for 127.0.0.1 at 2014-05-15 11:34:48 -0400


Started GET "/assets/scaffolds.css?body=1" for 127.0.0.1 at 2014-05-15 11:34:48 -0400


Started GET "/assets/posts.js?body=1" for 127.0.0.1 at 2014-05-15 11:34:48 -0400


Started GET "/assets/jquery.js?body=1" for 127.0.0.1 at 2014-05-15 11:34:48 -0400


Started GET "/assets/application.js?body=1" for 127.0.0.1 at 2014-05-15 11:34:48 -0400


Started PATCH "/posts/1" for 127.0.0.1 at 2014-05-15 11:34:56 -0400
Processing by PostsController#update as HTML
  Parameters: {"utf8"=>"✓", "authenticity_token"=>"sIWxQ9WBMcTyz7vw3SNJo+pCLB2G6QLYJktsCRsFF0E=", "post"=>{"tag_ids"=>["1", "209", "211", "228", ""]}, "commit"=>"Update Post", "id"=>"1"}
  [1m[35mPost Load (0.1ms)[0m  SELECT  "posts".* FROM "posts"  WHERE "posts"."id" = ? LIMIT 1  [["id", 1]]
  [1m[36m (0.2ms)[0m  [1mbegin transaction[0m
  [1m[35mTag Load (0.4ms)[0m  SELECT "tags".* FROM "tags"  WHERE "tags"."id" IN (1, 209, 211, 228)
  [1m[36mTag Load (0.1ms)[0m  [1mSELECT "tags".* FROM "tags" INNER JOIN "post_tags" ON "tags"."id" = "post_tags"."tag_id" WHERE "post_tags"."post_id" = ?[0m  [["post_id", 1]]
  [1m[35mSQL (0.5ms)[0m  INSERT INTO "post_tags" ("created_at", "post_id", "tag_id", "updated_at") VALUES (?, ?, ?, ?)  [["created_at", "2014-05-15 15:34:56.513845"], ["post_id", 1], ["tag_id", 1], ["updated_at", "2014-05-15 15:34:56.513845"]]
  [1m[36m (8.0ms)[0m  [1mcommit transaction[0m
Redirected to http://localhost:3000/posts/1
Completed 302 Found in 18ms (ActiveRecord: 9.2ms)


Started GET "/posts/1" for 127.0.0.1 at 2014-05-15 11:34:56 -0400
Processing by PostsController#show as HTML
  Parameters: {"id"=>"1"}
  [1m[35mPost Load (0.1ms)[0m  SELECT  "posts".* FROM "posts"  WHERE "posts"."id" = ? LIMIT 1  [["id", 1]]
  [1m[36mTag Load (0.1ms)[0m  [1mSELECT "tags".* FROM "tags" INNER JOIN "post_tags" ON "tags"."id" = "post_tags"."tag_id" WHERE "post_tags"."post_id" = ?[0m  [["post_id", 1]]
  [1m[35mTag Load (0.5ms)[0m  SELECT "tags".* FROM "tags"
  Rendered posts/show.html.erb within layouts/application (44.5ms)
Completed 200 OK in 49ms (Views: 47.6ms | ActiveRecord: 0.8ms)


Started GET "/assets/application.css?body=1" for 127.0.0.1 at 2014-05-15 11:34:56 -0400


Started GET "/assets/posts.css?body=1" for 127.0.0.1 at 2014-05-15 11:34:56 -0400


Started GET "/assets/posts.js?body=1" for 127.0.0.1 at 2014-05-15 11:34:56 -0400


Started GET "/assets/jquery.js?body=1" for 127.0.0.1 at 2014-05-15 11:34:56 -0400


Started GET "/assets/scaffolds.css?body=1" for 127.0.0.1 at 2014-05-15 11:34:56 -0400


Started GET "/assets/jquery_ujs.js?body=1" for 127.0.0.1 at 2014-05-15 11:34:56 -0400


Started GET "/assets/application.js?body=1" for 127.0.0.1 at 2014-05-15 11:34:56 -0400


Started GET "/tags/1" for 127.0.0.1 at 2014-05-15 11:35:00 -0400
Processing by TagsController#show as HTML
  Parameters: {"id"=>"1"}
  [1m[36mTag Load (0.2ms)[0m  [1mSELECT  "tags".* FROM "tags"  WHERE "tags"."id" = ? LIMIT 1[0m  [["id", 1]]
  [1m[35mPost Load (0.1ms)[0m  SELECT "posts".* FROM "posts" INNER JOIN "post_tags" ON "posts"."id" = "post_tags"."post_id" WHERE "post_tags"."tag_id" = ?  [["tag_id", 1]]
  Rendered tags/show.html.erb within layouts/application (3.2ms)
Completed 200 OK in 11ms (Views: 8.9ms | ActiveRecord: 0.3ms)


Started GET "/assets/posts.css?body=1" for 127.0.0.1 at 2014-05-15 11:35:00 -0400


Started GET "/assets/jquery.js?body=1" for 127.0.0.1 at 2014-05-15 11:35:00 -0400


Started GET "/assets/posts.js?body=1" for 127.0.0.1 at 2014-05-15 11:35:00 -0400


Started GET "/assets/scaffolds.css?body=1" for 127.0.0.1 at 2014-05-15 11:35:00 -0400


Started GET "/assets/jquery_ujs.js?body=1" for 127.0.0.1 at 2014-05-15 11:35:00 -0400


Started GET "/assets/application.js?body=1" for 127.0.0.1 at 2014-05-15 11:35:00 -0400


Started GET "/assets/application.css?body=1" for 127.0.0.1 at 2014-05-15 11:35:00 -0400


Started GET "/tags/" for 127.0.0.1 at 2014-05-15 11:36:38 -0400
Processing by TagsController#index as HTML
  [1m[36mTag Load (1.0ms)[0m  [1mSELECT "tags".* FROM "tags"[0m
  Rendered tags/index.html.erb within layouts/application (62.3ms)
Completed 200 OK in 67ms (Views: 65.9ms | ActiveRecord: 1.0ms)


Started GET "/assets/application.css?body=1" for 127.0.0.1 at 2014-05-15 11:36:38 -0400


Started GET "/assets/scaffolds.css?body=1" for 127.0.0.1 at 2014-05-15 11:36:38 -0400


Started GET "/assets/posts.css?body=1" for 127.0.0.1 at 2014-05-15 11:36:38 -0400


Started GET "/assets/posts.js?body=1" for 127.0.0.1 at 2014-05-15 11:36:38 -0400


Started GET "/assets/jquery.js?body=1" for 127.0.0.1 at 2014-05-15 11:36:38 -0400


Started GET "/assets/jquery_ujs.js?body=1" for 127.0.0.1 at 2014-05-15 11:36:38 -0400


Started GET "/assets/application.js?body=1" for 127.0.0.1 at 2014-05-15 11:36:38 -0400


Started GET "/tags/1" for 127.0.0.1 at 2014-05-15 11:36:44 -0400
Processing by TagsController#show as HTML
  Parameters: {"id"=>"1"}
  [1m[35mTag Load (0.1ms)[0m  SELECT  "tags".* FROM "tags"  WHERE "tags"."id" = ? LIMIT 1  [["id", 1]]
  [1m[36mPost Load (0.1ms)[0m  [1mSELECT "posts".* FROM "posts" INNER JOIN "post_tags" ON "posts"."id" = "post_tags"."post_id" WHERE "post_tags"."tag_id" = ?[0m  [["tag_id", 1]]
  Rendered tags/show.html.erb within layouts/application (4.3ms)
Completed 200 OK in 9ms (Views: 8.1ms | ActiveRecord: 0.3ms)


Started GET "/assets/jquery.js?body=1" for 127.0.0.1 at 2014-05-15 11:36:44 -0400


Started GET "/assets/posts.css?body=1" for 127.0.0.1 at 2014-05-15 11:36:44 -0400


Started GET "/assets/posts.js?body=1" for 127.0.0.1 at 2014-05-15 11:36:44 -0400


Started GET "/assets/jquery_ujs.js?body=1" for 127.0.0.1 at 2014-05-15 11:36:44 -0400


Started GET "/assets/scaffolds.css?body=1" for 127.0.0.1 at 2014-05-15 11:36:44 -0400


Started GET "/assets/application.css?body=1" for 127.0.0.1 at 2014-05-15 11:36:44 -0400


Started GET "/assets/application.js?body=1" for 127.0.0.1 at 2014-05-15 11:36:44 -0400
